C51 COMPILER V9.56.0.0   APP_LCD                                                           11/01/2017 06:16:43 PAGE 1   


C51 COMPILER V9.56.0.0, COMPILATION OF MODULE APP_LCD
OBJECT MODULE PLACED IN .\Out\Objects\app_lcd.obj
COMPILER INVOKED BY: C:\Keil_v5\C51\BIN\C51.EXE ..\App\src\app_lcd.c LARGE OPTIMIZE(8,SPEED) BROWSE INCDIR(..\Common\inc
                    -;..\App\inc;..\Bsp\inc;..\Startup;..\Bsp) DEFINE(FOSC_110592) DEBUG OBJECTEXTEND PRINT(.\Out\Listings\app_lcd.lst) OBJEC
                    -T(.\Out\Objects\app_lcd.obj)

line level    source

   1          /*
   2           * app_lcd.c
   3           *
   4           *  Created on: 2017Äê8ÔÂ26ÈÕ
   5           *      Author: fly
   6           */
   7          
   8          #include "app.h"
   9          
  10          static char lcd_default_string[16] = { 0 };
  11          
  12          void app_lcd_init(void) {
  13   1              strcpy(lcd_default_string, "DEFAULT");
  14   1      }
  15          void app_lcd_default_string_set(char *s, uint8_t len) {
  16   1              strncpy(lcd_default_string, s, len);
  17   1              if (len < sizeof(lcd_default_string)) {
  18   2                      lcd_default_string[len] = '\0';
  19   2              }
  20   1      }
  21          
  22          void app_lcd_pro(void) {
  23   1      
  24   1              if (app_repeat_IsEnable() == 0) {
  25   2                      LCD_ShowString(lcd_default_string);
  26   2      
  27   2              }
  28   1      
  29   1      }


MODULE INFORMATION:   STATIC OVERLAYABLE
   CODE SIZE        =    105    ----
   CONSTANT SIZE    =      8    ----
   XDATA SIZE       =     16       4
   PDATA SIZE       =   ----    ----
   DATA SIZE        =   ----    ----
   IDATA SIZE       =   ----    ----
   BIT SIZE         =   ----    ----
END OF MODULE INFORMATION.


C51 COMPILATION COMPLETE.  0 WARNING(S),  0 ERROR(S)
