C51 COMPILER V9.56.0.0   APP_BATTERY                                                       08/09/2017 21:33:31 PAGE 1   


C51 COMPILER V9.56.0.0, COMPILATION OF MODULE APP_BATTERY
OBJECT MODULE PLACED IN .\Out\Objects\app_battery.obj
COMPILER INVOKED BY: C:\Keil_v5\C51\BIN\C51.EXE ..\App\src\app_battery.c LARGE OPTIMIZE(8,SPEED) BROWSE INCDIR(..\Common
                    -\inc;..\App\inc;..\Bsp\inc;..\Startup;..\Bsp) DEFINE(FOSC_110592) DEBUG OBJECTEXTEND PRINT(.\Out\Listings\app_battery.ls
                    -t) OBJECT(.\Out\Objects\app_battery.obj)

line level    source

   1          /*
   2           * app_battery.c
   3           *
   4           *  Created on: 2017Äê7ÔÂ28ÈÕ
   5           *      Author: fly
   6           */
   7          
   8          #include "app.h"
   9          
  10          void app_battery_Init(void) {
  11   1      
  12   1      
  13   1      
  14   1      
  15   1      }
  16          
  17          static void app_battery_detection(void) {
  18   1      
  19   1              set_ADCS;  //Trigger ADC start conversion
  20   1      }
  21          
  22          void app_battery_1s_pro(void) {
  23   1              static idata uint8_t
  24   1              cnt = 0;
  25   1      
  26   1              cnt++;
  27   1              if (cnt == 4) {
  28   2                      clr_P01;
  29   2              }
  30   1      
  31   1              if (cnt >= 5) {
  32   2                      cnt = 0;
  33   2                      app_battery_detection();
  34   2              }
  35   1      
  36   1      }


MODULE INFORMATION:   STATIC OVERLAYABLE
   CODE SIZE        =     28    ----
   CONSTANT SIZE    =   ----    ----
   XDATA SIZE       =   ----    ----
   PDATA SIZE       =   ----    ----
   DATA SIZE        =   ----    ----
   IDATA SIZE       =      1    ----
   BIT SIZE         =   ----    ----
END OF MODULE INFORMATION.


C51 COMPILATION COMPLETE.  0 WARNING(S),  0 ERROR(S)
