C51 COMPILER V9.56.0.0   APP_KEY                                                           08/21/2017 21:12:41 PAGE 1   


C51 COMPILER V9.56.0.0, COMPILATION OF MODULE APP_KEY
OBJECT MODULE PLACED IN .\Out\Objects\app_key.obj
COMPILER INVOKED BY: C:\Keil_v5\C51\BIN\C51.EXE ..\App\src\app_key.c LARGE OPTIMIZE(8,SPEED) BROWSE INCDIR(..\Common\inc
                    -;..\App\inc;..\Bsp\inc;..\Startup;..\Bsp) DEFINE(FOSC_110592) DEBUG OBJECTEXTEND PRINT(.\Out\Listings\app_key.lst) OBJEC
                    -T(.\Out\Objects\app_key.obj)

line level    source

   1          /*
   2           * app_key.c
   3           *
   4           *  Created on: 2017年7月7日
   5           *      Author: admin
   6           */
   7          
   8          #include "app.h"
   9          
  10          
  11          /*
  12           * level: 0, 拉动时候的界面
  13           *        1,
  14           * */
  15          uint8_t level = 0;
  16          
  17          void app_key_init(void) {
  18   1      
  19   1      
  20   1      }
  21          
  22          
  23          void app_power_on(void) {
  24   1              SW_Reset();  //复位
  25   1      }
  26          void app_power_off(void) {
  27   1              lcd_bright_off();
  28   1              LCD_Clear_All();
  29   1      }
  30          
  31          void app_key_100ms_pro(void) {
  32   1      
  33   1      }
  34          
  35          void app_key_1s_pro(void) {
  36   1      
  37   1      }
  38          void app_key_clear_noOps_timeoutCnt(void) {
  39   1      }
  40          
  41          void app_key_pro(uint8_t keyCode) {
  42   1      
  43   1              app_key_clear_noOps_timeoutCnt();
  44   1      
  45   1              key_bright_toggle();
  46   1      
  47   1              switch (keyCode) {
  48   2              case KEY_UP_K1:
  49   2      
  50   2                      break;
  51   2              case KEY_DOWN_K1:
  52   2      
  53   2                      break;
C51 COMPILER V9.56.0.0   APP_KEY                                                           08/21/2017 21:12:41 PAGE 2   

  54   2              case KEY_LONG_K1:
  55   2      
  56   2                      break;
  57   2              case KEY_UP_K2:
  58   2      
  59   2                      break;
  60   2              case KEY_DOWN_K2:
  61   2      
  62   2                      break;
  63   2              case KEY_LONG_K2:
  64   2      
  65   2                      break;
  66   2              case KEY_UP_K3:
  67   2      
  68   2                      break;
  69   2              case KEY_DOWN_K3:
  70   2      
  71   2                      break;
  72   2              case KEY_LONG_K3:
  73   2      
  74   2                      break;
  75   2              case KEY_UP_K4:
  76   2      
  77   2                      break;
  78   2              case KEY_DOWN_K4:
  79   2      
  80   2                      break;
  81   2              case KEY_LONG_K4:
  82   2      
  83   2                      break;
  84   2              case KEY_UP_K5:
  85   2      
  86   2                      break;
  87   2              case KEY_DOWN_K5:
  88   2      
  89   2                      break;
  90   2              case KEY_LONG_K5:
  91   2      
  92   2                      break;
  93   2              case KEY_UP_K6:
  94   2      
  95   2                      break;
  96   2              case KEY_DOWN_K6:
  97   2      
  98   2                      break;
  99   2              case KEY_LONG_K6:
 100   2      
 101   2                      break;
 102   2              case KEY_UP_K7:
 103   2      
 104   2                      break;
 105   2              case KEY_DOWN_K7:
 106   2      
 107   2                      break;
 108   2              case KEY_LONG_K7:
 109   2      
 110   2                      break;
 111   2              case KEY_UP_K8:
 112   2      
 113   2                      break;
 114   2              case KEY_DOWN_K8:
 115   2      
C51 COMPILER V9.56.0.0   APP_KEY                                                           08/21/2017 21:12:41 PAGE 3   

 116   2                      break;
 117   2              case KEY_LONG_K8:
 118   2      
 119   2                      break;
 120   2              case KEY_UP_K9:
 121   2      
 122   2                      break;
 123   2              case KEY_DOWN_K9:
 124   2      
 125   2                      break;
 126   2              case KEY_LONG_K9:
 127   2      
 128   2                      break;
 129   2              case KEY_UP_K_1AND6:
 130   2      
 131   2                      break;
 132   2              case KEY_DOWN_K_1AND6:
 133   2      
 134   2                      break;
 135   2              case KEY_LONG_K_1AND6:
 136   2      
 137   2                      break;
 138   2              default:
 139   2      
 140   2                      break;
 141   2      
 142   2              }
 143   1      }
 144          


MODULE INFORMATION:   STATIC OVERLAYABLE
   CODE SIZE        =     25    ----
   CONSTANT SIZE    =   ----    ----
   XDATA SIZE       =      1       1
   PDATA SIZE       =   ----    ----
   DATA SIZE        =   ----    ----
   IDATA SIZE       =   ----    ----
   BIT SIZE         =   ----    ----
END OF MODULE INFORMATION.


C51 COMPILATION COMPLETE.  0 WARNING(S),  0 ERROR(S)
