C51 COMPILER V9.52.0.0   APP_EEPROM                                                        12/16/2017 12:36:14 PAGE 1   


C51 COMPILER V9.52.0.0, COMPILATION OF MODULE APP_EEPROM
OBJECT MODULE PLACED IN .\Out\Objects\app_eeprom.obj
COMPILER INVOKED BY: C:\Keil_v5\C51\BIN\C51.EXE ..\App\src\app_eeprom.c LARGE OPTIMIZE(8,SPEED) BROWSE INCDIR(..\Common\
                    -inc;..\App\inc;..\Bsp\inc;..\Startup;..\Bsp) DEFINE(FOSC_110592) DEBUG OBJECTEXTEND PRINT(.\Out\Listings\app_eeprom.lst)
                    - TABS(2) OBJECT(.\Out\Objects\app_eeprom.obj)

line level    source

   1          /*
   2           * app_eeprom.c
   3           *
   4           *  Created on: 2017Äê9ÔÂ8ÈÕ
   5           *      Author: fly
   6           */
   7          #include "app.h"
   8          #include <string.h>
   9          
  10          void app_eeprom_Init(void) {
  11   1      
  12   1      }
  13          
  14          void app_eeprom_erase(uint16_t addr) {
  15   1        erase_DATAFLASH(WIRELESS_ADDRESS_START_ADDR + addr);
  16   1      }
  17          void app_eeprom_write_byte(uint16_t addr, uint8_t d) {
  18   1        write_DATAFLASH_BYTE(WIRELESS_ADDRESS_START_ADDR + addr, d);
  19   1      }
  20          void app_eeprom_write_buf(uint16_t addr, uint8_t *pt, uint8_t len) {
  21   1      #if 0
                write_DATAFLASH_BUF(WIRELESS_ADDRESS_START_ADDR + addr, pt, len);
              #else
  24   1        uint8_t i = 0;
  25   1        for (i = 0; i < len; i++) {
  26   2          app_eeprom_write_byte(addr + i, *(pt + i));
  27   2        }
  28   1      
  29   1      #endif
  30   1      
  31   1      }
  32          uint8_t app_eeprom_read_byte(uint16_t addr) {
  33   1        return read_APROM_BYTE((uint16_t *) addr);
  34   1      }
  35          void app_eeprom_100ms_pro(void) {
  36   1      
  37   1      }
  38          
  39          static void app_eeprom_pro(void) {
  40   1      
  41   1      }


MODULE INFORMATION:   STATIC OVERLAYABLE
   CODE SIZE        =    115    ----
   CONSTANT SIZE    =   ----    ----
   XDATA SIZE       =   ----       7
   PDATA SIZE       =   ----    ----
   DATA SIZE        =   ----    ----
   IDATA SIZE       =   ----    ----
   BIT SIZE         =   ----    ----
END OF MODULE INFORMATION.


C51 COMPILATION COMPLETE.  0 WARNING(S),  0 ERROR(S)
