C51 COMPILER V9.56.0.0   BSP_ADC                                                           08/07/2017 22:37:07 PAGE 1   


C51 COMPILER V9.56.0.0, COMPILATION OF MODULE BSP_ADC
OBJECT MODULE PLACED IN .\Out\Objects\bsp_adc.obj
COMPILER INVOKED BY: C:\Keil_v5\C51\BIN\C51.EXE ..\Bsp\src\bsp_adc.c LARGE OPTIMIZE(8,SPEED) BROWSE INCDIR(..\Common\inc
                    -;..\App\inc;..\Bsp\inc;..\Startup;..\Bsp) DEFINE(FOSC_110592) DEBUG OBJECTEXTEND PRINT(.\Out\Listings\bsp_adc.lst) OBJEC
                    -T(.\Out\Objects\bsp_adc.obj)

line level    source

   1          /*
   2           * bsp_adc.c
   3           *
   4           *  Created on: 2017Äê7ÔÂ7ÈÕ
   5           *      Author: admin
   6           */
   7          
   8          #include "bsp.h"
   9          
  10          ADC_RESULT_T g_tADC_Result;
  11          
  12          void ADC_Init(void) {
  13   1      
  14   1              g_tADC_Result.channel = 0;
  15   1              g_tADC_Result.result = 1023;
  16   1      
  17   1      #if 1
  18   1      
  19   1              clr_P0M1_0;
  20   1              clr_P0M2_0;
  21   1      
  22   1              clr_P0M1_1;
  23   1              clr_P0M2_1;
  24   1      
  25   1              set_ADCEN;
  26   1      
  27   1              ADCCON0 = 0x00;                   //select ADC pin
  28   1              set_P0M1_0;                       //set ADC pin is input only mode
  29   1              clr_P0M2_0;
  30   1              set_P00DIDS;                      //disable digital connection
  31   1      
  32   1              clr_ADCDIV2;
  33   1              set_ADCDIV1;
  34   1              clr_ADCDIV0;
  35   1      
  36   1              EADC = 1;
  37   1      #endif
  38   1      }
  39          
  40          void ADC_Start(void) {
  41   1              if (g_tADC_Result.channel) {
  42   2                      g_tADC_Result.channel = 0;
  43   2                      clr_ADCHS3;
  44   2                      clr_ADCHS2;
  45   2                      clr_ADCHS1;
  46   2                      clr_ADCHS0;
  47   2                      set_ADCS;  //Trigger ADC start conversion
  48   2              } else {
  49   2                      g_tADC_Result.channel = 1;
  50   2                      clr_ADCHS3;
  51   2                      clr_ADCHS2;
  52   2                      clr_ADCHS1;
  53   2                      set_ADCHS0;
C51 COMPILER V9.56.0.0   BSP_ADC                                                           08/07/2017 22:37:07 PAGE 2   

  54   2                      set_ADCS;  //Trigger ADC start conversion
  55   2              }
  56   1      
  57   1      }


MODULE INFORMATION:   STATIC OVERLAYABLE
   CODE SIZE        =     88    ----
   CONSTANT SIZE    =   ----    ----
   XDATA SIZE       =      3    ----
   PDATA SIZE       =   ----    ----
   DATA SIZE        =   ----    ----
   IDATA SIZE       =   ----    ----
   BIT SIZE         =   ----    ----
END OF MODULE INFORMATION.


C51 COMPILATION COMPLETE.  0 WARNING(S),  0 ERROR(S)
