C51 COMPILER V9.56.0.0   BSP_HALL                                                          08/01/2017 22:22:46 PAGE 1   


C51 COMPILER V9.56.0.0, COMPILATION OF MODULE BSP_HALL
OBJECT MODULE PLACED IN .\Out\Objects\bsp_hall.obj
COMPILER INVOKED BY: C:\Keil_v5\C51\BIN\C51.EXE ..\Bsp\src\bsp_hall.c LARGE OPTIMIZE(8,SPEED) BROWSE INCDIR(..\Common\in
                    -c;..\App\inc;..\Bsp\inc;..\Startup;..\Bsp) DEFINE(FOSC_110592) DEBUG OBJECTEXTEND PRINT(.\Out\Listings\bsp_hall.lst) OBJ
                    -ECT(.\Out\Objects\bsp_hall.obj)

line level    source

   1          /*
   2           * bsp_hall.c
   3           *
   4           *  Created on: 2017年6月26日
   5           *      Author: fly
   6           */
   7          
   8          #include "bsp.h"
   9          #include "app_work.h"
  10          
  11          
  12          #define HALL_NUM  3
  13          #define HALL_CNT_UP  100
  14          #define HALL_CNT_DOWN  10
  15          
  16          static HALL_T g_tHall;
  17          
  18          static void Hall_InitHard(void) {
  19   1              PICON = 0x00;
  20   1              PITYP = 0x00;
  21   1              PINEN = 0x00;
  22   1              PIPEN = 0x00;
  23   1      
  24   1              set_EPI;
  25   1      }
  26          static void Hall_InitVar(void) {
  27   1              g_tHall.count = 0;
  28   1              g_tHall.direction = 0;
  29   1              g_tHall.lastPos = 0;
  30   1      
  31   1      }
  32          void Hall_Init(void) {
  33   1              Hall_InitHard();
  34   1              Hall_InitVar();
  35   1      }
  36          
  37          
  38          
  39          void hall_pro(uint8_t n) {
  40   1              static BIT valid_flag = 0;
  41   1      
  42   1              if (((n - g_tHall.lastPos) == 1) || ((g_tHall.lastPos - n) == 2)) {
  43   2                      g_tHall.direction = 1;  //拉长方向
  44   2                      if (g_tHall.count < 255) {
  45   3                              g_tHall.count++;
  46   3                      }
  47   2      
  48   2              } else {
  49   2                      g_tHall.direction = 0;  //收缩方向
  50   2                      if (g_tHall.count) {
  51   3                              g_tHall.count--;
  52   3                      }
  53   2              }
C51 COMPILER V9.56.0.0   BSP_HALL                                                          08/01/2017 22:22:46 PAGE 2   

  54   1              g_tHall.lastPos = n;
  55   1      
  56   1              if (valid_flag) {
  57   2                      if (g_tHall.count < HALL_CNT_DOWN) {
  58   3                              valid_flag = 0;
  59   3                      }
  60   2              } else {
  61   2                      if (g_tHall.count > HALL_CNT_UP) {
  62   3                              valid_flag = 1;
  63   3                              /* your code   --start */
  64   3                              // 拉一次计数一次，计数一次调用一次
  65   3                              query_work_sum();
  66   3                              /* your code   --end */
  67   3                      }
  68   2              }
  69   1      
  70   1      }
  71          
  72          void hall_1_interrupt(void) {
  73   1              hall_pro(1);
  74   1      }
  75          void hall_2_interrupt(void) {
  76   1              hall_pro(2);
  77   1      }
  78          void hall_3_interrupt(void) {
  79   1              hall_pro(3);
  80   1      }


MODULE INFORMATION:   STATIC OVERLAYABLE
   CODE SIZE        =    131    ----
   CONSTANT SIZE    =   ----    ----
   XDATA SIZE       =      3    ----
   PDATA SIZE       =   ----    ----
   DATA SIZE        =   ----    ----
   IDATA SIZE       =   ----    ----
   BIT SIZE         =      1    ----
END OF MODULE INFORMATION.


C51 COMPILATION COMPLETE.  0 WARNING(S),  0 ERROR(S)
