C51 COMPILER V9.56.0.0   BSP_KEYBRIGHT                                                     08/07/2017 22:37:07 PAGE 1   


C51 COMPILER V9.56.0.0, COMPILATION OF MODULE BSP_KEYBRIGHT
OBJECT MODULE PLACED IN .\Out\Objects\bsp_keyBright.obj
COMPILER INVOKED BY: C:\Keil_v5\C51\BIN\C51.EXE ..\Bsp\src\bsp_keyBright.c LARGE OPTIMIZE(8,SPEED) BROWSE INCDIR(..\Comm
                    -on\inc;..\App\inc;..\Bsp\inc;..\Startup;..\Bsp) DEFINE(FOSC_110592) DEBUG OBJECTEXTEND PRINT(.\Out\Listings\bsp_keyBrigh
                    -t.lst) OBJECT(.\Out\Objects\bsp_keyBright.obj)

line level    source

   1          /*
   2           * bsp_keyBright.c
   3           *
   4           *  Created on: 2017Äê8ÔÂ7ÈÕ
   5           *      Author: fly
   6           */
   7          
   8          


MODULE INFORMATION:   STATIC OVERLAYABLE
   CODE SIZE        =   ----    ----
   CONSTANT SIZE    =   ----    ----
   XDATA SIZE       =   ----    ----
   PDATA SIZE       =   ----    ----
   DATA SIZE        =   ----    ----
   IDATA SIZE       =   ----    ----
   BIT SIZE         =   ----    ----
END OF MODULE INFORMATION.


C51 COMPILATION COMPLETE.  0 WARNING(S),  0 ERROR(S)
