C51 COMPILER V9.56.0.0   BSP_TIMER0                                                        08/01/2017 22:22:46 PAGE 1   


C51 COMPILER V9.56.0.0, COMPILATION OF MODULE BSP_TIMER0
OBJECT MODULE PLACED IN .\Out\Objects\bsp_timer0.obj
COMPILER INVOKED BY: C:\Keil_v5\C51\BIN\C51.EXE ..\Bsp\src\bsp_timer0.c LARGE OPTIMIZE(8,SPEED) BROWSE INCDIR(..\Common\
                    -inc;..\App\inc;..\Bsp\inc;..\Startup;..\Bsp) DEFINE(FOSC_110592) DEBUG OBJECTEXTEND PRINT(.\Out\Listings\bsp_timer0.lst)
                    - OBJECT(.\Out\Objects\bsp_timer0.obj)

line level    source

   1          /*
   2           * bsp_timer0.c
   3           *
   4           *  Created on: 2017Äê6ÔÂ28ÈÕ
   5           *      Author: fly
   6           */
   7          
   8          #include "bsp.h"
   9          
  10          #define TH0_INIT        922
  11          #define TL0_INIT        922
  12          
  13          static uint8_t u8TH0_tmp = 0, u8TL0_tmp = 0;
  14          
  15          _Task_time Task_time;
  16          
  17          static void timer0_ParamInit(void);
  18          void Timer0_InitHard(void) {
  19   1      
  20   1              timer0_ParamInit();
  21   1      
  22   1              clr_GATE_T0;
  23   1              clr_CT_T0;
  24   1              clr_M1_T0;
  25   1              set_M0_T0;
  26   1      
  27   1              u8TH0_tmp = (65536 - TH0_INIT) / 256;
  28   1              u8TL0_tmp = (65536 - TL0_INIT) % 256;
  29   1      
  30   1              TH0 = u8TH0_tmp;            //initial counter values
  31   1              TL0 = u8TL0_tmp;
  32   1      
  33   1              set_ET0;                                    //enable Timer0 interrupt
  34   1              set_TR0;                                    //Timer0 run
  35   1      
  36   1      }
  37          
  38          static void timer0_ParamInit(void) {
  39   1      
  40   1              Task_time.cnt_10ms = 0;
  41   1              Task_time.cnt_100ms = 0;
  42   1              Task_time.cnt_1s = 0;
  43   1      
  44   1              Task_time.flag_10ms = 0;
  45   1              Task_time.flag_100ms = 0;
  46   1              Task_time.flag_1s = 0;
  47   1      
  48   1      }
  49          
  50          void Timer0_ISR(void)
  51          interrupt 1              //interrupt address is 0x000B
  52          {
  53   1              TH0 = u8TH0_tmp;
C51 COMPILER V9.56.0.0   BSP_TIMER0                                                        08/01/2017 22:22:46 PAGE 2   

  54   1              TL0 = u8TL0_tmp;
  55   1      
  56   1              if (++Task_time.cnt_10ms >= 10) {
  57   2                      Task_time.cnt_10ms = 0;
  58   2                      Task_time.flag_10ms = 1;
  59   2      
  60   2              }
  61   1              if (++Task_time.cnt_100ms >= 100) {
  62   2                      Task_time.cnt_100ms = 0;
  63   2                      Task_time.flag_100ms = 1;
  64   2              }
  65   1              if (++Task_time.cnt_1s >= 1000) {
  66   2                      Task_time.cnt_1s = 0;
  67   2                      Task_time.flag_1s = 1;
  68   2      
  69   2              }
  70   1      
  71   1      }
  72          


MODULE INFORMATION:   STATIC OVERLAYABLE
   CODE SIZE        =    168    ----
   CONSTANT SIZE    =   ----    ----
   XDATA SIZE       =      9    ----
   PDATA SIZE       =   ----    ----
   DATA SIZE        =   ----    ----
   IDATA SIZE       =   ----    ----
   BIT SIZE         =   ----    ----
END OF MODULE INFORMATION.


C51 COMPILATION COMPLETE.  0 WARNING(S),  0 ERROR(S)
