C51 COMPILER V9.56.0.0   BSP_BRIGHT                                                        08/01/2017 22:22:46 PAGE 1   


C51 COMPILER V9.56.0.0, COMPILATION OF MODULE BSP_BRIGHT
OBJECT MODULE PLACED IN .\Out\Objects\bsp_bright.obj
COMPILER INVOKED BY: C:\Keil_v5\C51\BIN\C51.EXE ..\Bsp\src\bsp_bright.c LARGE OPTIMIZE(8,SPEED) BROWSE INCDIR(..\Common\
                    -inc;..\App\inc;..\Bsp\inc;..\Startup;..\Bsp) DEFINE(FOSC_110592) DEBUG OBJECTEXTEND PRINT(.\Out\Listings\bsp_bright.lst)
                    - OBJECT(.\Out\Objects\bsp_bright.obj)

line level    source

   1          /*
   2           * bsp_bright.c
   3           *
   4           *  Created on: 2017Äê6ÔÂ26ÈÕ
   5           *      Author: fly
   6           */
   7          
   8          #include "bsp.h"
   9          
  10          void Bright_InitHard(void) {
  11   1      
  12   1      #if 1
  13   1              P3M1 &= ~SET_BIT1;
  14   1              P3M2 |= SET_BIT1;
  15   1      
  16   1              lcd_bright_on();
  17   1      #endif
  18   1      
  19   1      }
  20          void lcd_bright_off(void) {
  21   1              clr_P31;
  22   1      }
  23          void lcd_bright_on() {
  24   1              set_P31;
  25   1      }


MODULE INFORMATION:   STATIC OVERLAYABLE
   CODE SIZE        =     15    ----
   CONSTANT SIZE    =   ----    ----
   XDATA SIZE       =   ----    ----
   PDATA SIZE       =   ----    ----
   DATA SIZE        =   ----    ----
   IDATA SIZE       =   ----    ----
   BIT SIZE         =   ----    ----
END OF MODULE INFORMATION.


C51 COMPILATION COMPLETE.  0 WARNING(S),  0 ERROR(S)
