C51 COMPILER V9.56.0.0   BSP_BT                                                            08/01/2017 22:22:46 PAGE 1   


C51 COMPILER V9.56.0.0, COMPILATION OF MODULE BSP_BT
OBJECT MODULE PLACED IN .\Out\Objects\bsp_bt.obj
COMPILER INVOKED BY: C:\Keil_v5\C51\BIN\C51.EXE ..\Bsp\src\bsp_bt.c LARGE OPTIMIZE(8,SPEED) BROWSE INCDIR(..\Common\inc;
                    -..\App\inc;..\Bsp\inc;..\Startup;..\Bsp) DEFINE(FOSC_110592) DEBUG OBJECTEXTEND PRINT(.\Out\Listings\bsp_bt.lst) OBJECT(
                    -.\Out\Objects\bsp_bt.obj)

line level    source

   1          /*
   2           * bsp_bt.c
   3           *
   4           *  Created on: 2017Äê6ÔÂ26ÈÕ
   5           *      Author: fly
   6           */
   7          
   8          
   9          #include "bsp.h"
  10          


MODULE INFORMATION:   STATIC OVERLAYABLE
   CODE SIZE        =   ----    ----
   CONSTANT SIZE    =   ----    ----
   XDATA SIZE       =   ----    ----
   PDATA SIZE       =   ----    ----
   DATA SIZE        =   ----    ----
   IDATA SIZE       =   ----    ----
   BIT SIZE         =   ----    ----
END OF MODULE INFORMATION.


C51 COMPILATION COMPLETE.  0 WARNING(S),  0 ERROR(S)
