C51 COMPILER V9.56.0.0   DELAY                                                             08/01/2017 22:22:46 PAGE 1   


C51 COMPILER V9.56.0.0, COMPILATION OF MODULE DELAY
OBJECT MODULE PLACED IN .\Out\Objects\Delay.obj
COMPILER INVOKED BY: C:\Keil_v5\C51\BIN\C51.EXE ..\Common\src\Delay.c LARGE OPTIMIZE(8,SPEED) BROWSE INCDIR(..\Common\in
                    -c;..\App\inc;..\Bsp\inc;..\Startup;..\Bsp) DEFINE(FOSC_110592) DEBUG OBJECTEXTEND PRINT(.\Out\Listings\Delay.lst) OBJECT
                    -(.\Out\Objects\Delay.obj)

line level    source

   1          /*--------------------------------------------------------------------------------------------------------
             --*/
   2          /*                                                                                                        
             - */
   3          /* Copyright(c) 2015 Nuvoton Technology Corp. All rights reserved.                                        
             - */
   4          /*                                                                                                        
             - */
   5          /*--------------------------------------------------------------------------------------------------------
             --*/
   6          
   7          //********************************************************************************************************
             -***
   8          //  Nuvoton Technoledge Corp. 
   9          //  Website: http://www.nuvoton.com
  10          //  E-Mail : MicroC-8bit@nuvoton.com
  11          //  Date   : Sep/1/2015
  12          //********************************************************************************************************
             -***
  13          #include <N76E616.h>
  14          #include "Version.h"
  15          #include "Typedef.h"
  16          #include "Define.h"
  17          #include "SFR_Macro.h"
  18          #include "Common.h"
  19          #include "Delay.h"
  20          #include "Display.h"
  21          
  22          #ifdef FOSC_110592
  23          #define VALUE_10us          65536-9     //9*12  /11.0592 = 10 uS, Timer Clock = Fsys/12
  24          #define VALUE_1ms           65536-923   //923*12/11.0592 = 1 mS,  Timer Clock = Fsys/12
  25          #define TM3_VALUE_10us      65536-28    //28*4  /11.0592 = 10 uS, Timer Clock = Fsys/4
  26          #define TM3_VALUE_1ms       65536-2765  //2765*4/11.0592 = 1 mS,  Timer Clock = Fsys/4
  27          #endif
  28          #ifdef FOSC_165888
              #define VALUE_10us          65536-14    //15*12  /16.5888 = 10 uS, Timer Clock = Fsys/12
              #define VALUE_1ms           65536-1382  //1536*12/16.5888 = 1 mS,  Timer Clock = Fsys/12
              #define TM3_VALUE_10us      65536-42    //46*4   /16.5888 = 10 uS, Timer Clock = Fsys/4
              #define TM3_VALUE_1ms       65536-4147  //4608*4 /16.5888 = 1 mS,  Timer Clock = Fsys/4
              #endif
  34          
  35          //-------------------------------------------------------------------------
  36          void Random_Delay(void)
  37          reentrant //reentrant --> 在中斷 ISR 調用此 function 時候
  38          {
  39   1              UINT32 u32CNT,u32Tmp;
  40   1      
  41   1              for (u32CNT=0;u32CNT<0x0000FFFF;u32CNT++)
  42   1              {
  43   2                      u32Tmp ++;
  44   2              }
  45   1      }
  46          //-------------------------------------------------------------------------
C51 COMPILER V9.56.0.0   DELAY                                                             08/01/2017 22:22:46 PAGE 2   

  47          void Delay10us(UINT16 u16CNT) {
  48   1              clr_T0M;                                //T0M=0, Timer0 Clock = Fsys/12
  49   1              TMOD |= 0x01;                           //Timer0 is 16-bit mode
  50   1              set_TR0;                                //Trigger Timer0
  51   1              while (u16CNT != 0) {
  52   2                      TL0 = LOBYTE(VALUE_10us);
  53   2                      TH0 = HIBYTE(VALUE_10us);
  54   2                      while (TF0 != 1)
  55   2                              ;                   //Check Timer0 Time-Out Flag
  56   2                      clr_TF0;
  57   2                      u16CNT--;
  58   2              }
  59   1              clr_TR0;                                //Stop the Timer0
  60   1      }
  61          //------------------------------------------------------------------------------
  62          void Timer0_Delay1ms(UINT32 u32CNT) {
  63   1              clr_T0M;                                //T0M=0, Timer0 Clock = Fsys/12
  64   1              TMOD |= 0x01;                           //Timer0 is 16-bit mode
  65   1              set_TR0;                                //Trigger Timer0
  66   1              while (u32CNT != 0) {
  67   2                      TL0 = LOBYTE(VALUE_1ms);
  68   2                      TH0 = HIBYTE(VALUE_1ms);
  69   2                      while (TF0 != 1)
  70   2                              ;                   //Check Timer0 Time-Out Flag
  71   2                      clr_TF0;
  72   2                      u32CNT--;
  73   2              }
  74   1              clr_TR0;                                //Stop the Timer0
  75   1      }
  76          //------------------------------------------------------------------------------
  77          void Timer1_Delay1ms(UINT32 u32CNT) {
  78   1              clr_T1M;                                //T1M=0, Timer1 Clock = Fsys/12
  79   1              TMOD |= 0x10;                           //Timer1 is 16-bit mode
  80   1              set_TR1;                                //Trigger Timer1
  81   1              while (u32CNT != 0) {
  82   2                      TL1 = LOBYTE(VALUE_1ms);
  83   2                      TH1 = HIBYTE(VALUE_1ms);
  84   2                      while (TF1 != 1)
  85   2                              ;                   //Check Timer1 Time-Out Flag
  86   2                      clr_TF1;
  87   2                      u32CNT--;
  88   2              }
  89   1              clr_TR1;                                //Stop the Timer1
  90   1      }
  91          //------------------------------------------------------------------------------
  92          void Timer3_Delay1ms(UINT32 u32CNT) {
  93   1              T3CON = 0x02;                           //Timer3 Clock = Fsys/4
  94   1              set_TR3;                                //Trigger Timer3
  95   1              while (u32CNT != 0) {
  96   2                      R3L = LOBYTE(TM3_VALUE_1ms);
  97   2                      R3H = HIBYTE(TM3_VALUE_1ms);
  98   2                      while ((T3CON & SET_BIT4) != SET_BIT4)
  99   2                              ;                                //Check Timer3 Time-Out Flag
 100   2                      clr_TF3;
 101   2                      u32CNT--;
 102   2              }
 103   1              clr_TR3;                                //Stop the Timer3
 104   1      }
 105          //------------------------------------------------------------------------------
 106          void WakeUp_Timer_Delay25ms(UINT32 u32CNT)  //Clock source is 10KHz
 107          {
 108   1              clr_WKPS2;                              //Clock Divider Scale is 1
C51 COMPILER V9.56.0.0   DELAY                                                             08/01/2017 22:22:46 PAGE 3   

 109   1              clr_WKPS1;
 110   1              clr_WKPS0;
 111   1      
 112   1              RWK = 0x00;
 113   1      
 114   1              clr_WKTCK;                           //WDT Clock source is form LIRC (10KHz)
 115   1              set_WKTR;                               //Trigger Watch Dog Timer
 116   1              while (u32CNT != 0) {
 117   2                      while ((WKCON & SET_BIT4) != SET_BIT4)
 118   2                              ;                               //Check Time-Out Flag
 119   2                      clr_WKTF;
 120   2                      u32CNT--;
 121   2              }
 122   1              clr_WKTR;                              //Stop the Watch Dog Timer
 123   1      }


MODULE INFORMATION:   STATIC OVERLAYABLE
   CODE SIZE        =    530    ----
   CONSTANT SIZE    =   ----    ----
   XDATA SIZE       =   ----      16
   PDATA SIZE       =   ----    ----
   DATA SIZE        =   ----    ----
   IDATA SIZE       =   ----    ----
   BIT SIZE         =   ----    ----
END OF MODULE INFORMATION.


C51 COMPILATION COMPLETE.  0 WARNING(S),  0 ERROR(S)
